649483.9140579387
621497.4535844211
610071.7899345328
602496.1779052326
596263.6432961306
590999.0550083054
586542.8966822079
582784.1246630783
579604.7974794608
576921.481652206
574650.9898613271
572733.9492921447
571111.6095670947
569741.593714933
568582.1026229307
567602.8474284731
566774.0347174732
566074.0058805216
565481.4991662068
564981.0354178644
564557.4271768543
564199.6126317641
563896.7386479495
563640.9011725982
563424.3407702975
563241.4100397537
563086.5602060187
562955.7559696003
562845.0288526686
562751.4957376937
562672.3175405647
562605.4342728722
562548.8150391607
562500.987955958
562460.4998271086
562426.2991288766
562397.3459949304
562372.8892843889
562352.18461613
562334.6955035962
562319.8895321885
562307.3829424133
562296.7949005261
562287.8514069115
562280.2797790419
562273.8841978634
562268.4695078179
562263.8958971495
562260.023735145
562256.7531147732
562253.9840233944
562251.6451792379
562249.6649430115
562247.9923156254
562246.576271902
562245.3801857986
562244.3674794568
562243.5121679704
562242.7879202146
562242.1762575479
562241.658388016
562241.2209600573
562240.8505677375
562240.5376979081
562240.2728482719
562240.049169555
